<?xml version="1.0" encoding="UTF-8"?>
<!-- Generated by org.testng.reporters.JUnitReportReporter -->
<testsuite hostname="DESKTOP-KQJNQB0" failures="0" tests="1" name="appiumBasics.LandscapeScreenDemo" time="9.521" errors="0" timestamp="2024-10-03T16:12:58 IST" skipped="0">
  <testcase classname="appiumBasics.LandscapeScreenDemo" name="setWiFiName" time="9.521"/>
</testsuite> <!-- appiumBasics.LandscapeScreenDemo -->
