<?xml version="1.0" encoding="UTF-8"?>
<!-- Generated by org.testng.reporters.JUnitReportReporter -->
<testsuite hostname="DESKTOP-KQJNQB0" failures="0" tests="1" name="appiumBasics.Day1" time="9.686" errors="0" timestamp="2024-09-30T16:44:51 IST" skipped="0">
  <testcase classname="appiumBasics.Day1" name="setWiFiName" time="9.686"/>
</testsuite> <!-- appiumBasics.Day1 -->
