<?xml version="1.0" encoding="UTF-8"?>
<!-- Generated by org.testng.reporters.JUnitReportReporter -->
<testsuite hostname="DESKTOP-KQJNQB0" failures="0" tests="1" name="appiumBasics.E_CommerceAppTest_1" time="44.149" errors="0" timestamp="2024-10-04T16:34:44 IST" skipped="0">
  <testcase classname="appiumBasics.E_CommerceAppTest_1" name="registration" time="44.149"/>
</testsuite> <!-- appiumBasics.E_CommerceAppTest_1 -->
