<?xml version="1.0" encoding="UTF-8"?>
<!-- Generated by org.testng.reporters.JUnitReportReporter -->
<testsuite hostname="DESKTOP-KQJNQB0" failures="0" tests="1" name="appiumBasics.DragAndDropGesture" time="5.234" errors="0" timestamp="2024-10-03T15:48:56 IST" skipped="0">
  <testcase classname="appiumBasics.DragAndDropGesture" name="dragAndDropTest" time="5.234"/>
</testsuite> <!-- appiumBasics.DragAndDropGesture -->
