<?xml version="1.0" encoding="UTF-8"?>
<!-- Generated by org.testng.reporters.JUnitReportReporter -->
<testsuite hostname="DESKTOP-KQJNQB0" failures="0" tests="1" name="appiumBasics.SwipeGesture" time="6.111" errors="0" timestamp="2024-10-03T15:00:02 IST" skipped="0">
  <testcase classname="appiumBasics.SwipeGesture" name="swipeTest" time="6.111"/>
</testsuite> <!-- appiumBasics.SwipeGesture -->
