<?xml version="1.0" encoding="UTF-8"?>
<!-- Generated by org.testng.reporters.JUnitReportReporter -->
<testsuite hostname="DESKTOP-KQJNQB0" failures="0" tests="1" name="appiumBasics.KeysActionPerforms" time="17.116" errors="0" timestamp="2024-10-03T16:42:54 IST" skipped="0">
  <testcase classname="appiumBasics.KeysActionPerforms" name="keyActions" time="17.116"/>
</testsuite> <!-- appiumBasics.KeysActionPerforms -->
