<?xml version="1.0" encoding="UTF-8"?>
<!-- Generated by org.testng.reporters.JUnitReportReporter -->
<testsuite hostname="DESKTOP-KQJNQB0" failures="0" tests="2" name="appiumBasics.ScrollGesture" time="8.964" errors="0" timestamp="2024-10-02T16:43:50 IST" skipped="1">
  <testcase classname="appiumBasics.ScrollGesture" name="scrollGestureActMethod1" time="8.964"/>
  <testcase classname="appiumBasics.ScrollGesture" name="scrollGestureActMethod2">
    <skipped/>
  </testcase> <!-- scrollGestureActMethod2 -->
</testsuite> <!-- appiumBasics.ScrollGesture -->
